[debug] [2021-11-29T21:59:15.293Z] ----------------------------------------------------------------------
[debug] [2021-11-29T21:59:15.294Z] Command:       /Users/alexandrecisse/.nvm/versions/node/v14.17.5/bin/node /Users/alexandrecisse/.nvm/versions/node/v14.17.5/bin/firebase emulators:start --only functions
[debug] [2021-11-29T21:59:15.295Z] CLI Version:   9.23.0
[debug] [2021-11-29T21:59:15.295Z] Platform:      darwin
[debug] [2021-11-29T21:59:15.295Z] Node Version:  v14.17.5
[debug] [2021-11-29T21:59:15.296Z] Time:          Mon Nov 29 2021 22:59:15 GMT+0100 (Central European Standard Time)
[debug] [2021-11-29T21:59:15.296Z] ----------------------------------------------------------------------
[debug] 
[debug] [2021-11-29T21:59:15.341Z] > command requires scopes: ["email","openid","https://www.googleapis.com/auth/cloudplatformprojects.readonly","https://www.googleapis.com/auth/firebase","https://www.googleapis.com/auth/cloud-platform"]
[debug] [2021-11-29T21:59:15.341Z] > authorizing via signed-in user (alexandrecisse.dev@gmail.com)
[info] i  emulators: Starting emulators: functions {"metadata":{"emulator":{"name":"hub"},"message":"Starting emulators: functions"}}
[debug] [2021-11-29T21:59:15.355Z] [hub] writing locator at /var/folders/hy/b_lmf7g55ydfw5t9834s964m0000gn/T/hub-mealstogo-6e31e.json
[warn] ⚠  functions: The following emulators are not running, calls to these services from the Functions emulator will affect production: auth, firestore, database, hosting, pubsub, storage {"metadata":{"emulator":{"name":"functions"},"message":"The following emulators are not running, calls to these services from the Functions emulator will affect production: \u001b[1mauth, firestore, database, hosting, pubsub, storage\u001b[22m"}}
[info] ✔  functions: Using node@14 from host. {"metadata":{"emulator":{"name":"functions"},"message":"Using node@14 from host."}}
[debug] [2021-11-29T21:59:15.370Z] defaultcredentials: writing to file /Users/alexandrecisse/.config/firebase/alexandrecisse_dev_gmail.com_application_default_credentials.json
[debug] [2021-11-29T21:59:15.382Z] Setting GAC to /Users/alexandrecisse/.config/firebase/alexandrecisse_dev_gmail.com_application_default_credentials.json {"metadata":{"emulator":{"name":"functions"},"message":"Setting GAC to /Users/alexandrecisse/.config/firebase/alexandrecisse_dev_gmail.com_application_default_credentials.json"}}
[debug] [2021-11-29T21:59:15.384Z] >>> [apiv2][query] GET https://firebase.googleapis.com/v1beta1/projects/mealstogo-6e31e/adminSdkConfig [none]
[debug] [2021-11-29T21:59:15.596Z] <<< [apiv2][status] GET https://firebase.googleapis.com/v1beta1/projects/mealstogo-6e31e/adminSdkConfig 200
[debug] [2021-11-29T21:59:15.596Z] <<< [apiv2][body] GET https://firebase.googleapis.com/v1beta1/projects/mealstogo-6e31e/adminSdkConfig {"projectId":"mealstogo-6e31e","storageBucket":"mealstogo-6e31e.appspot.com"}
[debug] [2021-11-29T21:59:15.629Z] Ignoring unsupported arg: auto_download {"metadata":{"emulator":{"name":"ui"},"message":"Ignoring unsupported arg: auto_download"}}
[debug] [2021-11-29T21:59:15.629Z] Ignoring unsupported arg: port {"metadata":{"emulator":{"name":"ui"},"message":"Ignoring unsupported arg: port"}}
[debug] [2021-11-29T21:59:15.629Z] Starting Emulator UI with command {"binary":"node","args":["/Users/alexandrecisse/.cache/firebase/emulators/ui-v1.6.4/server.bundle.js"],"optionalArgs":[],"joinArgs":false} {"metadata":{"emulator":{"name":"ui"},"message":"Starting Emulator UI with command {\"binary\":\"node\",\"args\":[\"/Users/alexandrecisse/.cache/firebase/emulators/ui-v1.6.4/server.bundle.js\"],\"optionalArgs\":[],\"joinArgs\":false}"}}
[info] i  ui: Emulator UI logging to ui-debug.log {"metadata":{"emulator":{"name":"ui"},"message":"Emulator UI logging to \u001b[1mui-debug.log\u001b[22m"}}
[debug] [2021-11-29T21:59:15.723Z] Web / API server started at localhost:4000
 {"metadata":{"emulator":{"name":"ui"},"message":"Web / API server started at localhost:4000\n"}}
[info] i  functions: Watching "/Users/alexandrecisse/Documents/Apps/mobile/MealsToGo/functions" for Cloud Functions... {"metadata":{"emulator":{"name":"functions"},"message":"Watching \"/Users/alexandrecisse/Documents/Apps/mobile/MealsToGo/functions\" for Cloud Functions..."}}
[debug] [2021-11-29T21:59:15.904Z] [worker-pool] addWorker(~diagnostic~) {"metadata":{"emulator":{"name":"functions"},"message":"[worker-pool] addWorker(~diagnostic~)"}}
[debug] [2021-11-29T21:59:15.905Z] [worker-pool] Adding worker with key ~diagnostic~, total=1 {"metadata":{"emulator":{"name":"functions"},"message":"[worker-pool] Adding worker with key ~diagnostic~, total=1"}}
[debug] [2021-11-29T21:59:15.905Z] [worker-pool] submitWork(triggerId=) {"metadata":{"emulator":{"name":"functions"},"message":"[worker-pool] submitWork(triggerId=)"}}
[debug] [2021-11-29T21:59:15.905Z] [worker-~diagnostic~-eacb0315-ef40-4db5-b9f1-bd1a60cd45b8]: Assigning socketPath: /var/folders/hy/b_lmf7g55ydfw5t9834s964m0000gn/T/fire_emu_17314.sock {"metadata":{"emulator":{"name":"functions"},"message":"[worker-~diagnostic~-eacb0315-ef40-4db5-b9f1-bd1a60cd45b8]: Assigning socketPath: /var/folders/hy/b_lmf7g55ydfw5t9834s964m0000gn/T/fire_emu_17314.sock"}}
[debug] [2021-11-29T21:59:15.906Z] [worker-~diagnostic~-eacb0315-ef40-4db5-b9f1-bd1a60cd45b8]: BUSY {"metadata":{"emulator":{"name":"functions"},"message":"[worker-~diagnostic~-eacb0315-ef40-4db5-b9f1-bd1a60cd45b8]: BUSY"}}
[debug] [2021-11-29T21:59:16.029Z] [runtime-status] [17314] Functions runtime initialized. {"cwd":"/Users/alexandrecisse/Documents/Apps/mobile/MealsToGo/functions","node_version":"14.17.5"} {"metadata":{"emulator":{"name":"functions"},"message":"[runtime-status] [17314] Functions runtime initialized. {\"cwd\":\"/Users/alexandrecisse/Documents/Apps/mobile/MealsToGo/functions\",\"node_version\":\"14.17.5\"}"}}
[debug] [2021-11-29T21:59:16.030Z] [runtime-status] [17314] Disabled runtime features: undefined {"metadata":{"emulator":{"name":"functions"},"message":"[runtime-status] [17314] Disabled runtime features: undefined"}}
[debug] [2021-11-29T21:59:16.032Z] [runtime-status] [17314] Resolved module firebase-admin {"declared":true,"installed":true,"version":"9.12.0","resolution":"/Users/alexandrecisse/Documents/Apps/mobile/MealsToGo/functions/node_modules/firebase-admin/lib/index.js"} {"metadata":{"emulator":{"name":"functions"},"message":"[runtime-status] [17314] Resolved module firebase-admin {\"declared\":true,\"installed\":true,\"version\":\"9.12.0\",\"resolution\":\"/Users/alexandrecisse/Documents/Apps/mobile/MealsToGo/functions/node_modules/firebase-admin/lib/index.js\"}"}}
[debug] [2021-11-29T21:59:16.034Z] [runtime-status] [17314] Resolved module firebase-functions {"declared":true,"installed":true,"version":"3.16.0","resolution":"/Users/alexandrecisse/Documents/Apps/mobile/MealsToGo/functions/node_modules/firebase-functions/lib/index.js"} {"metadata":{"emulator":{"name":"functions"},"message":"[runtime-status] [17314] Resolved module firebase-functions {\"declared\":true,\"installed\":true,\"version\":\"3.16.0\",\"resolution\":\"/Users/alexandrecisse/Documents/Apps/mobile/MealsToGo/functions/node_modules/firebase-functions/lib/index.js\"}"}}
[debug] [2021-11-29T21:59:16.036Z] [runtime-status] [17314] Outgoing network have been stubbed. [{"name":"http","status":"mocked"},{"name":"http","status":"mocked"},{"name":"https","status":"mocked"},{"name":"https","status":"mocked"},{"name":"net","status":"mocked"}] {"metadata":{"emulator":{"name":"functions"},"message":"[runtime-status] [17314] Outgoing network have been stubbed. [{\"name\":\"http\",\"status\":\"mocked\"},{\"name\":\"http\",\"status\":\"mocked\"},{\"name\":\"https\",\"status\":\"mocked\"},{\"name\":\"https\",\"status\":\"mocked\"},{\"name\":\"net\",\"status\":\"mocked\"}]"}}
[debug] [2021-11-29T21:59:16.036Z] [runtime-status] [17314] Resolved module firebase-functions {"declared":true,"installed":true,"version":"3.16.0","resolution":"/Users/alexandrecisse/Documents/Apps/mobile/MealsToGo/functions/node_modules/firebase-functions/lib/index.js"} {"metadata":{"emulator":{"name":"functions"},"message":"[runtime-status] [17314] Resolved module firebase-functions {\"declared\":true,\"installed\":true,\"version\":\"3.16.0\",\"resolution\":\"/Users/alexandrecisse/Documents/Apps/mobile/MealsToGo/functions/node_modules/firebase-functions/lib/index.js\"}"}}
[debug] [2021-11-29T21:59:16.084Z] [runtime-status] [17314] Checked functions.config() {"config":{}} {"metadata":{"emulator":{"name":"functions"},"message":"[runtime-status] [17314] Checked functions.config() {\"config\":{}}"}}
[debug] [2021-11-29T21:59:16.084Z] [runtime-status] [17314] firebase-functions has been stubbed. {"functionsResolution":{"declared":true,"installed":true,"version":"3.16.0","resolution":"/Users/alexandrecisse/Documents/Apps/mobile/MealsToGo/functions/node_modules/firebase-functions/lib/index.js"}} {"metadata":{"emulator":{"name":"functions"},"message":"[runtime-status] [17314] firebase-functions has been stubbed. {\"functionsResolution\":{\"declared\":true,\"installed\":true,\"version\":\"3.16.0\",\"resolution\":\"/Users/alexandrecisse/Documents/Apps/mobile/MealsToGo/functions/node_modules/firebase-functions/lib/index.js\"}}"}}
[debug] [2021-11-29T21:59:16.085Z] [runtime-status] [17314] Resolved module firebase-functions {"declared":true,"installed":true,"version":"3.16.0","resolution":"/Users/alexandrecisse/Documents/Apps/mobile/MealsToGo/functions/node_modules/firebase-functions/lib/index.js"} {"metadata":{"emulator":{"name":"functions"},"message":"[runtime-status] [17314] Resolved module firebase-functions {\"declared\":true,\"installed\":true,\"version\":\"3.16.0\",\"resolution\":\"/Users/alexandrecisse/Documents/Apps/mobile/MealsToGo/functions/node_modules/firebase-functions/lib/index.js\"}"}}
[debug] [2021-11-29T21:59:16.086Z] [runtime-status] [17314] Resolved module firebase-admin {"declared":true,"installed":true,"version":"9.12.0","resolution":"/Users/alexandrecisse/Documents/Apps/mobile/MealsToGo/functions/node_modules/firebase-admin/lib/index.js"} {"metadata":{"emulator":{"name":"functions"},"message":"[runtime-status] [17314] Resolved module firebase-admin {\"declared\":true,\"installed\":true,\"version\":\"9.12.0\",\"resolution\":\"/Users/alexandrecisse/Documents/Apps/mobile/MealsToGo/functions/node_modules/firebase-admin/lib/index.js\"}"}}
[debug] [2021-11-29T21:59:16.086Z] [runtime-status] [17314] Resolved module firebase-functions {"declared":true,"installed":true,"version":"3.16.0","resolution":"/Users/alexandrecisse/Documents/Apps/mobile/MealsToGo/functions/node_modules/firebase-functions/lib/index.js"} {"metadata":{"emulator":{"name":"functions"},"message":"[runtime-status] [17314] Resolved module firebase-functions {\"declared\":true,\"installed\":true,\"version\":\"3.16.0\",\"resolution\":\"/Users/alexandrecisse/Documents/Apps/mobile/MealsToGo/functions/node_modules/firebase-functions/lib/index.js\"}"}}
[debug] [2021-11-29T21:59:16.086Z] [runtime-status] [17314] firebase-admin has been stubbed. {"adminResolution":{"declared":true,"installed":true,"version":"9.12.0","resolution":"/Users/alexandrecisse/Documents/Apps/mobile/MealsToGo/functions/node_modules/firebase-admin/lib/index.js"}} {"metadata":{"emulator":{"name":"functions"},"message":"[runtime-status] [17314] firebase-admin has been stubbed. {\"adminResolution\":{\"declared\":true,\"installed\":true,\"version\":\"9.12.0\",\"resolution\":\"/Users/alexandrecisse/Documents/Apps/mobile/MealsToGo/functions/node_modules/firebase-admin/lib/index.js\"}}"}}
[info] ✔  functions[us-central1-geocode]: http function initialized (http://localhost:5001/mealstogo-6e31e/us-central1/geocode). {"metadata":{"emulator":{"name":"functions"},"message":"\u001b[1mhttp\u001b[22m function initialized (http://localhost:5001/mealstogo-6e31e/us-central1/geocode)."}}
[info] ✔  functions[us-central1-placesNearby]: http function initialized (http://localhost:5001/mealstogo-6e31e/us-central1/placesNearby). {"metadata":{"emulator":{"name":"functions"},"message":"\u001b[1mhttp\u001b[22m function initialized (http://localhost:5001/mealstogo-6e31e/us-central1/placesNearby)."}}
[info] 
┌─────────────────────────────────────────────────────────────┐
│ ✔  All emulators ready! It is now safe to connect your app. │
│ i  View Emulator UI at http://localhost:4000                │
└─────────────────────────────────────────────────────────────┘

┌───────────┬────────────────┬─────────────────────────────────┐
│ Emulator  │ Host:Port      │ View in Emulator UI             │
├───────────┼────────────────┼─────────────────────────────────┤
│ Functions │ localhost:5001 │ http://localhost:4000/functions │
└───────────┴────────────────┴─────────────────────────────────┘
  Emulator Hub running at localhost:4400
  Other reserved ports: 4500

Issues? Report them at https://github.com/firebase/firebase-tools/issues and attach the *-debug.log files.
 
[debug] [2021-11-29T21:59:16.099Z] [worker-~diagnostic~-eacb0315-ef40-4db5-b9f1-bd1a60cd45b8]: IDLE {"metadata":{"emulator":{"name":"functions"},"message":"[worker-~diagnostic~-eacb0315-ef40-4db5-b9f1-bd1a60cd45b8]: IDLE"}}
[debug] [2021-11-29T21:59:20.743Z] [work-queue] {"queueLength":1,"workRunningCount":0}
[debug] [2021-11-29T21:59:20.743Z] [work-queue] {"queueLength":0,"workRunningCount":1}
[debug] [2021-11-29T21:59:20.744Z] Accepted request GET /mealstogo-6e31e/us-central1/placesNearby?location=undefined,undefined --> us-central1-placesNearby
[debug] [2021-11-29T21:59:20.751Z] [worker-pool] addWorker(us-central1-placesNearby) {"metadata":{"emulator":{"name":"functions"},"message":"[worker-pool] addWorker(us-central1-placesNearby)"}}
[debug] [2021-11-29T21:59:20.752Z] [worker-pool] Adding worker with key us-central1-placesNearby, total=1 {"metadata":{"emulator":{"name":"functions"},"message":"[worker-pool] Adding worker with key us-central1-placesNearby, total=1"}}
[debug] [2021-11-29T21:59:20.752Z] [worker-pool] submitWork(triggerId=us-central1-placesNearby) {"metadata":{"emulator":{"name":"functions"},"message":"[worker-pool] submitWork(triggerId=us-central1-placesNearby)"}}
[debug] [2021-11-29T21:59:20.752Z] [worker-us-central1-placesNearby-6ff9a41d-12bc-45ed-b2e5-26f3f4051a1e]: Assigning socketPath: /var/folders/hy/b_lmf7g55ydfw5t9834s964m0000gn/T/fire_emu_17329.sock {"metadata":{"emulator":{"name":"functions"},"message":"[worker-us-central1-placesNearby-6ff9a41d-12bc-45ed-b2e5-26f3f4051a1e]: Assigning socketPath: /var/folders/hy/b_lmf7g55ydfw5t9834s964m0000gn/T/fire_emu_17329.sock"}}
[debug] [2021-11-29T21:59:20.752Z] [worker-us-central1-placesNearby-6ff9a41d-12bc-45ed-b2e5-26f3f4051a1e]: BUSY {"metadata":{"emulator":{"name":"functions"},"message":"[worker-us-central1-placesNearby-6ff9a41d-12bc-45ed-b2e5-26f3f4051a1e]: BUSY"}}
[debug] [2021-11-29T21:59:20.753Z] [work-queue] {"queueLength":1,"workRunningCount":1}
[debug] [2021-11-29T21:59:20.754Z] [work-queue] {"queueLength":0,"workRunningCount":2}
[debug] [2021-11-29T21:59:20.754Z] Accepted request GET /mealstogo-6e31e/us-central1/geocode?city=san%20francisco --> us-central1-geocode
[debug] [2021-11-29T21:59:20.758Z] [worker-pool] addWorker(us-central1-geocode) {"metadata":{"emulator":{"name":"functions"},"message":"[worker-pool] addWorker(us-central1-geocode)"}}
[debug] [2021-11-29T21:59:20.759Z] [worker-pool] Adding worker with key us-central1-geocode, total=1 {"metadata":{"emulator":{"name":"functions"},"message":"[worker-pool] Adding worker with key us-central1-geocode, total=1"}}
[debug] [2021-11-29T21:59:20.759Z] [worker-pool] submitWork(triggerId=us-central1-geocode) {"metadata":{"emulator":{"name":"functions"},"message":"[worker-pool] submitWork(triggerId=us-central1-geocode)"}}
[debug] [2021-11-29T21:59:20.759Z] [worker-us-central1-geocode-e11d2339-507f-476d-87e1-8a41bfbbf58d]: Assigning socketPath: /var/folders/hy/b_lmf7g55ydfw5t9834s964m0000gn/T/fire_emu_17330.sock {"metadata":{"emulator":{"name":"functions"},"message":"[worker-us-central1-geocode-e11d2339-507f-476d-87e1-8a41bfbbf58d]: Assigning socketPath: /var/folders/hy/b_lmf7g55ydfw5t9834s964m0000gn/T/fire_emu_17330.sock"}}
[debug] [2021-11-29T21:59:20.760Z] [worker-us-central1-geocode-e11d2339-507f-476d-87e1-8a41bfbbf58d]: BUSY {"metadata":{"emulator":{"name":"functions"},"message":"[worker-us-central1-geocode-e11d2339-507f-476d-87e1-8a41bfbbf58d]: BUSY"}}
[debug] [2021-11-29T21:59:20.922Z] [runtime-status] [17329] Functions runtime initialized. {"cwd":"/Users/alexandrecisse/Documents/Apps/mobile/MealsToGo/functions","node_version":"14.17.5"} {"metadata":{"emulator":{"name":"functions"},"function":{"name":"us-central1-placesNearby"},"message":"[runtime-status] [17329] Functions runtime initialized. {\"cwd\":\"/Users/alexandrecisse/Documents/Apps/mobile/MealsToGo/functions\",\"node_version\":\"14.17.5\"}"}}
[debug] [2021-11-29T21:59:20.923Z] [runtime-status] [17329] Disabled runtime features: undefined {"metadata":{"emulator":{"name":"functions"},"function":{"name":"us-central1-placesNearby"},"message":"[runtime-status] [17329] Disabled runtime features: undefined"}}
[debug] [2021-11-29T21:59:20.925Z] [runtime-status] [17329] Resolved module firebase-admin {"declared":true,"installed":true,"version":"9.12.0","resolution":"/Users/alexandrecisse/Documents/Apps/mobile/MealsToGo/functions/node_modules/firebase-admin/lib/index.js"} {"metadata":{"emulator":{"name":"functions"},"function":{"name":"us-central1-placesNearby"},"message":"[runtime-status] [17329] Resolved module firebase-admin {\"declared\":true,\"installed\":true,\"version\":\"9.12.0\",\"resolution\":\"/Users/alexandrecisse/Documents/Apps/mobile/MealsToGo/functions/node_modules/firebase-admin/lib/index.js\"}"}}
[debug] [2021-11-29T21:59:20.927Z] [runtime-status] [17329] Resolved module firebase-functions {"declared":true,"installed":true,"version":"3.16.0","resolution":"/Users/alexandrecisse/Documents/Apps/mobile/MealsToGo/functions/node_modules/firebase-functions/lib/index.js"} {"metadata":{"emulator":{"name":"functions"},"function":{"name":"us-central1-placesNearby"},"message":"[runtime-status] [17329] Resolved module firebase-functions {\"declared\":true,\"installed\":true,\"version\":\"3.16.0\",\"resolution\":\"/Users/alexandrecisse/Documents/Apps/mobile/MealsToGo/functions/node_modules/firebase-functions/lib/index.js\"}"}}
[debug] [2021-11-29T21:59:20.928Z] [runtime-status] [17329] Outgoing network have been stubbed. [{"name":"http","status":"mocked"},{"name":"http","status":"mocked"},{"name":"https","status":"mocked"},{"name":"https","status":"mocked"},{"name":"net","status":"mocked"}] {"metadata":{"emulator":{"name":"functions"},"function":{"name":"us-central1-placesNearby"},"message":"[runtime-status] [17329] Outgoing network have been stubbed. [{\"name\":\"http\",\"status\":\"mocked\"},{\"name\":\"http\",\"status\":\"mocked\"},{\"name\":\"https\",\"status\":\"mocked\"},{\"name\":\"https\",\"status\":\"mocked\"},{\"name\":\"net\",\"status\":\"mocked\"}]"}}
[debug] [2021-11-29T21:59:20.929Z] [runtime-status] [17329] Resolved module firebase-functions {"declared":true,"installed":true,"version":"3.16.0","resolution":"/Users/alexandrecisse/Documents/Apps/mobile/MealsToGo/functions/node_modules/firebase-functions/lib/index.js"} {"metadata":{"emulator":{"name":"functions"},"function":{"name":"us-central1-placesNearby"},"message":"[runtime-status] [17329] Resolved module firebase-functions {\"declared\":true,\"installed\":true,\"version\":\"3.16.0\",\"resolution\":\"/Users/alexandrecisse/Documents/Apps/mobile/MealsToGo/functions/node_modules/firebase-functions/lib/index.js\"}"}}
[debug] [2021-11-29T21:59:20.930Z] [runtime-status] [17330] Functions runtime initialized. {"cwd":"/Users/alexandrecisse/Documents/Apps/mobile/MealsToGo/functions","node_version":"14.17.5"} {"metadata":{"emulator":{"name":"functions"},"function":{"name":"us-central1-geocode"},"message":"[runtime-status] [17330] Functions runtime initialized. {\"cwd\":\"/Users/alexandrecisse/Documents/Apps/mobile/MealsToGo/functions\",\"node_version\":\"14.17.5\"}"}}
[debug] [2021-11-29T21:59:20.931Z] [runtime-status] [17330] Disabled runtime features: undefined {"metadata":{"emulator":{"name":"functions"},"function":{"name":"us-central1-geocode"},"message":"[runtime-status] [17330] Disabled runtime features: undefined"}}
[debug] [2021-11-29T21:59:20.933Z] [runtime-status] [17330] Resolved module firebase-admin {"declared":true,"installed":true,"version":"9.12.0","resolution":"/Users/alexandrecisse/Documents/Apps/mobile/MealsToGo/functions/node_modules/firebase-admin/lib/index.js"} {"metadata":{"emulator":{"name":"functions"},"function":{"name":"us-central1-geocode"},"message":"[runtime-status] [17330] Resolved module firebase-admin {\"declared\":true,\"installed\":true,\"version\":\"9.12.0\",\"resolution\":\"/Users/alexandrecisse/Documents/Apps/mobile/MealsToGo/functions/node_modules/firebase-admin/lib/index.js\"}"}}
[debug] [2021-11-29T21:59:20.935Z] [runtime-status] [17330] Resolved module firebase-functions {"declared":true,"installed":true,"version":"3.16.0","resolution":"/Users/alexandrecisse/Documents/Apps/mobile/MealsToGo/functions/node_modules/firebase-functions/lib/index.js"} {"metadata":{"emulator":{"name":"functions"},"function":{"name":"us-central1-geocode"},"message":"[runtime-status] [17330] Resolved module firebase-functions {\"declared\":true,\"installed\":true,\"version\":\"3.16.0\",\"resolution\":\"/Users/alexandrecisse/Documents/Apps/mobile/MealsToGo/functions/node_modules/firebase-functions/lib/index.js\"}"}}
[debug] [2021-11-29T21:59:20.936Z] [runtime-status] [17330] Outgoing network have been stubbed. [{"name":"http","status":"mocked"},{"name":"http","status":"mocked"},{"name":"https","status":"mocked"},{"name":"https","status":"mocked"},{"name":"net","status":"mocked"}] {"metadata":{"emulator":{"name":"functions"},"function":{"name":"us-central1-geocode"},"message":"[runtime-status] [17330] Outgoing network have been stubbed. [{\"name\":\"http\",\"status\":\"mocked\"},{\"name\":\"http\",\"status\":\"mocked\"},{\"name\":\"https\",\"status\":\"mocked\"},{\"name\":\"https\",\"status\":\"mocked\"},{\"name\":\"net\",\"status\":\"mocked\"}]"}}
[debug] [2021-11-29T21:59:20.937Z] [runtime-status] [17330] Resolved module firebase-functions {"declared":true,"installed":true,"version":"3.16.0","resolution":"/Users/alexandrecisse/Documents/Apps/mobile/MealsToGo/functions/node_modules/firebase-functions/lib/index.js"} {"metadata":{"emulator":{"name":"functions"},"function":{"name":"us-central1-geocode"},"message":"[runtime-status] [17330] Resolved module firebase-functions {\"declared\":true,\"installed\":true,\"version\":\"3.16.0\",\"resolution\":\"/Users/alexandrecisse/Documents/Apps/mobile/MealsToGo/functions/node_modules/firebase-functions/lib/index.js\"}"}}
[debug] [2021-11-29T21:59:20.962Z] [runtime-status] [17329] Checked functions.config() {"config":{}} {"metadata":{"emulator":{"name":"functions"},"function":{"name":"us-central1-placesNearby"},"message":"[runtime-status] [17329] Checked functions.config() {\"config\":{}}"}}
[debug] [2021-11-29T21:59:20.962Z] [runtime-status] [17329] firebase-functions has been stubbed. {"functionsResolution":{"declared":true,"installed":true,"version":"3.16.0","resolution":"/Users/alexandrecisse/Documents/Apps/mobile/MealsToGo/functions/node_modules/firebase-functions/lib/index.js"}} {"metadata":{"emulator":{"name":"functions"},"function":{"name":"us-central1-placesNearby"},"message":"[runtime-status] [17329] firebase-functions has been stubbed. {\"functionsResolution\":{\"declared\":true,\"installed\":true,\"version\":\"3.16.0\",\"resolution\":\"/Users/alexandrecisse/Documents/Apps/mobile/MealsToGo/functions/node_modules/firebase-functions/lib/index.js\"}}"}}
[debug] [2021-11-29T21:59:20.963Z] [runtime-status] [17329] Resolved module firebase-functions {"declared":true,"installed":true,"version":"3.16.0","resolution":"/Users/alexandrecisse/Documents/Apps/mobile/MealsToGo/functions/node_modules/firebase-functions/lib/index.js"} {"metadata":{"emulator":{"name":"functions"},"function":{"name":"us-central1-placesNearby"},"message":"[runtime-status] [17329] Resolved module firebase-functions {\"declared\":true,\"installed\":true,\"version\":\"3.16.0\",\"resolution\":\"/Users/alexandrecisse/Documents/Apps/mobile/MealsToGo/functions/node_modules/firebase-functions/lib/index.js\"}"}}
[debug] [2021-11-29T21:59:20.963Z] [runtime-status] [17329] Resolved module firebase-admin {"declared":true,"installed":true,"version":"9.12.0","resolution":"/Users/alexandrecisse/Documents/Apps/mobile/MealsToGo/functions/node_modules/firebase-admin/lib/index.js"} {"metadata":{"emulator":{"name":"functions"},"function":{"name":"us-central1-placesNearby"},"message":"[runtime-status] [17329] Resolved module firebase-admin {\"declared\":true,\"installed\":true,\"version\":\"9.12.0\",\"resolution\":\"/Users/alexandrecisse/Documents/Apps/mobile/MealsToGo/functions/node_modules/firebase-admin/lib/index.js\"}"}}
[debug] [2021-11-29T21:59:20.964Z] [runtime-status] [17329] Resolved module firebase-functions {"declared":true,"installed":true,"version":"3.16.0","resolution":"/Users/alexandrecisse/Documents/Apps/mobile/MealsToGo/functions/node_modules/firebase-functions/lib/index.js"} {"metadata":{"emulator":{"name":"functions"},"function":{"name":"us-central1-placesNearby"},"message":"[runtime-status] [17329] Resolved module firebase-functions {\"declared\":true,\"installed\":true,\"version\":\"3.16.0\",\"resolution\":\"/Users/alexandrecisse/Documents/Apps/mobile/MealsToGo/functions/node_modules/firebase-functions/lib/index.js\"}"}}
[debug] [2021-11-29T21:59:20.964Z] [runtime-status] [17329] firebase-admin has been stubbed. {"adminResolution":{"declared":true,"installed":true,"version":"9.12.0","resolution":"/Users/alexandrecisse/Documents/Apps/mobile/MealsToGo/functions/node_modules/firebase-admin/lib/index.js"}} {"metadata":{"emulator":{"name":"functions"},"function":{"name":"us-central1-placesNearby"},"message":"[runtime-status] [17329] firebase-admin has been stubbed. {\"adminResolution\":{\"declared\":true,\"installed\":true,\"version\":\"9.12.0\",\"resolution\":\"/Users/alexandrecisse/Documents/Apps/mobile/MealsToGo/functions/node_modules/firebase-admin/lib/index.js\"}}"}}
[debug] [2021-11-29T21:59:20.969Z] [runtime-status] [17330] Checked functions.config() {"config":{}} {"metadata":{"emulator":{"name":"functions"},"function":{"name":"us-central1-geocode"},"message":"[runtime-status] [17330] Checked functions.config() {\"config\":{}}"}}
[debug] [2021-11-29T21:59:20.970Z] [runtime-status] [17330] firebase-functions has been stubbed. {"functionsResolution":{"declared":true,"installed":true,"version":"3.16.0","resolution":"/Users/alexandrecisse/Documents/Apps/mobile/MealsToGo/functions/node_modules/firebase-functions/lib/index.js"}} {"metadata":{"emulator":{"name":"functions"},"function":{"name":"us-central1-geocode"},"message":"[runtime-status] [17330] firebase-functions has been stubbed. {\"functionsResolution\":{\"declared\":true,\"installed\":true,\"version\":\"3.16.0\",\"resolution\":\"/Users/alexandrecisse/Documents/Apps/mobile/MealsToGo/functions/node_modules/firebase-functions/lib/index.js\"}}"}}
[debug] [2021-11-29T21:59:20.970Z] [runtime-status] [17329] Trigger "us-central1-placesNearby" has been found, beginning invocation! {"metadata":{"emulator":{"name":"functions"},"function":{"name":"us-central1-placesNearby"},"message":"[runtime-status] [17329] Trigger \"us-central1-placesNearby\" has been found, beginning invocation!"}}
[info] i  functions: Beginning execution of "us-central1-placesNearby" {"metadata":{"emulator":{"name":"functions"},"function":{"name":"us-central1-placesNearby"},"message":"Beginning execution of \"us-central1-placesNearby\""}}
[debug] [2021-11-29T21:59:20.970Z] [runtime-status] [17329] triggerDefinition {"httpsTrigger":{},"name":"placesNearby","entryPoint":"placesNearby","regions":["us-central1"],"region":"us-central1","id":"us-central1-placesNearby"} {"metadata":{"emulator":{"name":"functions"},"function":{"name":"us-central1-placesNearby"},"message":"[runtime-status] [17329] triggerDefinition {\"httpsTrigger\":{},\"name\":\"placesNearby\",\"entryPoint\":\"placesNearby\",\"regions\":[\"us-central1\"],\"region\":\"us-central1\",\"id\":\"us-central1-placesNearby\"}"}}
[debug] [2021-11-29T21:59:20.971Z] [runtime-status] [17329] Running us-central1-placesNearby in signature http {"metadata":{"emulator":{"name":"functions"},"function":{"name":"us-central1-placesNearby"},"message":"[runtime-status] [17329] Running us-central1-placesNearby in signature http"}}
[debug] [2021-11-29T21:59:20.971Z] [runtime-status] [17330] Resolved module firebase-functions {"declared":true,"installed":true,"version":"3.16.0","resolution":"/Users/alexandrecisse/Documents/Apps/mobile/MealsToGo/functions/node_modules/firebase-functions/lib/index.js"} {"metadata":{"emulator":{"name":"functions"},"function":{"name":"us-central1-geocode"},"message":"[runtime-status] [17330] Resolved module firebase-functions {\"declared\":true,\"installed\":true,\"version\":\"3.16.0\",\"resolution\":\"/Users/alexandrecisse/Documents/Apps/mobile/MealsToGo/functions/node_modules/firebase-functions/lib/index.js\"}"}}
[debug] [2021-11-29T21:59:20.971Z] [runtime-status] [17330] Resolved module firebase-admin {"declared":true,"installed":true,"version":"9.12.0","resolution":"/Users/alexandrecisse/Documents/Apps/mobile/MealsToGo/functions/node_modules/firebase-admin/lib/index.js"} {"metadata":{"emulator":{"name":"functions"},"function":{"name":"us-central1-geocode"},"message":"[runtime-status] [17330] Resolved module firebase-admin {\"declared\":true,\"installed\":true,\"version\":\"9.12.0\",\"resolution\":\"/Users/alexandrecisse/Documents/Apps/mobile/MealsToGo/functions/node_modules/firebase-admin/lib/index.js\"}"}}
[debug] [2021-11-29T21:59:20.971Z] [runtime-status] [17330] Resolved module firebase-functions {"declared":true,"installed":true,"version":"3.16.0","resolution":"/Users/alexandrecisse/Documents/Apps/mobile/MealsToGo/functions/node_modules/firebase-functions/lib/index.js"} {"metadata":{"emulator":{"name":"functions"},"function":{"name":"us-central1-geocode"},"message":"[runtime-status] [17330] Resolved module firebase-functions {\"declared\":true,\"installed\":true,\"version\":\"3.16.0\",\"resolution\":\"/Users/alexandrecisse/Documents/Apps/mobile/MealsToGo/functions/node_modules/firebase-functions/lib/index.js\"}"}}
[debug] [2021-11-29T21:59:20.972Z] [runtime-status] [17330] firebase-admin has been stubbed. {"adminResolution":{"declared":true,"installed":true,"version":"9.12.0","resolution":"/Users/alexandrecisse/Documents/Apps/mobile/MealsToGo/functions/node_modules/firebase-admin/lib/index.js"}} {"metadata":{"emulator":{"name":"functions"},"function":{"name":"us-central1-geocode"},"message":"[runtime-status] [17330] firebase-admin has been stubbed. {\"adminResolution\":{\"declared\":true,\"installed\":true,\"version\":\"9.12.0\",\"resolution\":\"/Users/alexandrecisse/Documents/Apps/mobile/MealsToGo/functions/node_modules/firebase-admin/lib/index.js\"}}"}}
[debug] [2021-11-29T21:59:20.973Z] [runtime-status] [17329] Attempting to listen to socketPath: /var/folders/hy/b_lmf7g55ydfw5t9834s964m0000gn/T/fire_emu_17329.sock {"metadata":{"emulator":{"name":"functions"},"function":{"name":"us-central1-placesNearby"},"message":"[runtime-status] [17329] Attempting to listen to socketPath: /var/folders/hy/b_lmf7g55ydfw5t9834s964m0000gn/T/fire_emu_17329.sock"}}
[debug] [2021-11-29T21:59:20.975Z] [functions] Runtime ready! Sending request! {"metadata":{"emulator":{"name":"functions"},"message":"[functions] Runtime ready! Sending request!"}}
[debug] [2021-11-29T21:59:20.977Z] [functions] Got req.url=/mealstogo-6e31e/us-central1/placesNearby?location=undefined,undefined, mapping to path=/?location=undefined,undefined {"metadata":{"emulator":{"name":"functions"},"message":"[functions] Got req.url=/mealstogo-6e31e/us-central1/placesNearby?location=undefined,undefined, mapping to path=/?location=undefined,undefined"}}
[debug] [2021-11-29T21:59:20.979Z] [runtime-status] [17330] Trigger "us-central1-geocode" has been found, beginning invocation! {"metadata":{"emulator":{"name":"functions"},"function":{"name":"us-central1-geocode"},"message":"[runtime-status] [17330] Trigger \"us-central1-geocode\" has been found, beginning invocation!"}}
[info] i  functions: Beginning execution of "us-central1-geocode" {"metadata":{"emulator":{"name":"functions"},"function":{"name":"us-central1-geocode"},"message":"Beginning execution of \"us-central1-geocode\""}}
[debug] [2021-11-29T21:59:20.979Z] [runtime-status] [17330] triggerDefinition {"httpsTrigger":{},"name":"geocode","entryPoint":"geocode","regions":["us-central1"],"region":"us-central1","id":"us-central1-geocode"} {"metadata":{"emulator":{"name":"functions"},"function":{"name":"us-central1-geocode"},"message":"[runtime-status] [17330] triggerDefinition {\"httpsTrigger\":{},\"name\":\"geocode\",\"entryPoint\":\"geocode\",\"regions\":[\"us-central1\"],\"region\":\"us-central1\",\"id\":\"us-central1-geocode\"}"}}
[debug] [2021-11-29T21:59:20.979Z] [runtime-status] [17330] Running us-central1-geocode in signature http {"metadata":{"emulator":{"name":"functions"},"function":{"name":"us-central1-geocode"},"message":"[runtime-status] [17330] Running us-central1-geocode in signature http"}}
[debug] [2021-11-29T21:59:20.981Z] [runtime-status] [17330] Attempting to listen to socketPath: /var/folders/hy/b_lmf7g55ydfw5t9834s964m0000gn/T/fire_emu_17330.sock {"metadata":{"emulator":{"name":"functions"},"function":{"name":"us-central1-geocode"},"message":"[runtime-status] [17330] Attempting to listen to socketPath: /var/folders/hy/b_lmf7g55ydfw5t9834s964m0000gn/T/fire_emu_17330.sock"}}
[debug] [2021-11-29T21:59:20.982Z] [functions] Runtime ready! Sending request! {"metadata":{"emulator":{"name":"functions"},"message":"[functions] Runtime ready! Sending request!"}}
[debug] [2021-11-29T21:59:20.983Z] [functions] Got req.url=/mealstogo-6e31e/us-central1/geocode?city=san%20francisco, mapping to path=/?city=san%20francisco {"metadata":{"emulator":{"name":"functions"},"message":"[functions] Got req.url=/mealstogo-6e31e/us-central1/geocode?city=san%20francisco, mapping to path=/?city=san%20francisco"}}
[debug] [2021-11-29T21:59:20.983Z] [runtime-status] [17329] Ephemeral server handling GET request {"metadata":{"emulator":{"name":"functions"},"function":{"name":"us-central1-placesNearby"},"message":"[runtime-status] [17329] Ephemeral server handling GET request"}}
[debug] [2021-11-29T21:59:20.987Z] [runtime-status] [17329] Ephemeral server survived. {"metadata":{"emulator":{"name":"functions"},"function":{"name":"us-central1-placesNearby"},"message":"[runtime-status] [17329] Ephemeral server survived."}}
[debug] [2021-11-29T21:59:20.989Z] [runtime-status] [17330] Ephemeral server handling GET request {"metadata":{"emulator":{"name":"functions"},"function":{"name":"us-central1-geocode"},"message":"[runtime-status] [17330] Ephemeral server handling GET request"}}
[info] i  functions: Finished "us-central1-placesNearby" in ~1s {"metadata":{"emulator":{"name":"functions"},"function":{"name":"us-central1-placesNearby"},"message":"Finished \"us-central1-placesNearby\" in ~1s"}}
[debug] [2021-11-29T21:59:20.990Z] [worker-us-central1-placesNearby-6ff9a41d-12bc-45ed-b2e5-26f3f4051a1e]: IDLE {"metadata":{"emulator":{"name":"functions"},"message":"[worker-us-central1-placesNearby-6ff9a41d-12bc-45ed-b2e5-26f3f4051a1e]: IDLE"}}
[debug] [2021-11-29T21:59:20.991Z] [work-queue] {"queueLength":0,"workRunningCount":1}
[debug] [2021-11-29T21:59:20.995Z] [runtime-status] [17330] Ephemeral server survived. {"metadata":{"emulator":{"name":"functions"},"function":{"name":"us-central1-geocode"},"message":"[runtime-status] [17330] Ephemeral server survived."}}
[info] i  functions: Finished "us-central1-geocode" in ~1s {"metadata":{"emulator":{"name":"functions"},"function":{"name":"us-central1-geocode"},"message":"Finished \"us-central1-geocode\" in ~1s"}}
[debug] [2021-11-29T21:59:20.999Z] [worker-us-central1-geocode-e11d2339-507f-476d-87e1-8a41bfbbf58d]: IDLE {"metadata":{"emulator":{"name":"functions"},"message":"[worker-us-central1-geocode-e11d2339-507f-476d-87e1-8a41bfbbf58d]: IDLE"}}
[debug] [2021-11-29T21:59:20.999Z] [work-queue] {"queueLength":0,"workRunningCount":0}
[debug] [2021-11-29T21:59:21.022Z] [work-queue] {"queueLength":1,"workRunningCount":0}
[debug] [2021-11-29T21:59:21.022Z] [work-queue] {"queueLength":0,"workRunningCount":1}
[debug] [2021-11-29T21:59:21.022Z] Accepted request GET /mealstogo-6e31e/us-central1/placesNearby?location=37.7749295,-122.4194155 --> us-central1-placesNearby
[debug] [2021-11-29T21:59:21.022Z] [worker-pool] submitWork(triggerId=us-central1-placesNearby) {"metadata":{"emulator":{"name":"functions"},"message":"[worker-pool] submitWork(triggerId=us-central1-placesNearby)"}}
[debug] [2021-11-29T21:59:21.023Z] [worker-us-central1-placesNearby-6ff9a41d-12bc-45ed-b2e5-26f3f4051a1e]: Assigning socketPath: /var/folders/hy/b_lmf7g55ydfw5t9834s964m0000gn/T/fire_emu_17329.sock {"metadata":{"emulator":{"name":"functions"},"message":"[worker-us-central1-placesNearby-6ff9a41d-12bc-45ed-b2e5-26f3f4051a1e]: Assigning socketPath: /var/folders/hy/b_lmf7g55ydfw5t9834s964m0000gn/T/fire_emu_17329.sock"}}
[debug] [2021-11-29T21:59:21.023Z] [worker-us-central1-placesNearby-6ff9a41d-12bc-45ed-b2e5-26f3f4051a1e]: BUSY {"metadata":{"emulator":{"name":"functions"},"message":"[worker-us-central1-placesNearby-6ff9a41d-12bc-45ed-b2e5-26f3f4051a1e]: BUSY"}}
[debug] [2021-11-29T21:59:21.023Z] [runtime-status] [17329] Trigger "us-central1-placesNearby" has been found, beginning invocation! {"metadata":{"emulator":{"name":"functions"},"function":{"name":"us-central1-placesNearby"},"message":"[runtime-status] [17329] Trigger \"us-central1-placesNearby\" has been found, beginning invocation!"}}
[info] i  functions: Beginning execution of "us-central1-placesNearby" {"metadata":{"emulator":{"name":"functions"},"function":{"name":"us-central1-placesNearby"},"message":"Beginning execution of \"us-central1-placesNearby\""}}
[debug] [2021-11-29T21:59:21.024Z] [runtime-status] [17329] triggerDefinition {"httpsTrigger":{},"name":"placesNearby","entryPoint":"placesNearby","regions":["us-central1"],"region":"us-central1","id":"us-central1-placesNearby"} {"metadata":{"emulator":{"name":"functions"},"function":{"name":"us-central1-placesNearby"},"message":"[runtime-status] [17329] triggerDefinition {\"httpsTrigger\":{},\"name\":\"placesNearby\",\"entryPoint\":\"placesNearby\",\"regions\":[\"us-central1\"],\"region\":\"us-central1\",\"id\":\"us-central1-placesNearby\"}"}}
[debug] [2021-11-29T21:59:21.024Z] [runtime-status] [17329] Running us-central1-placesNearby in signature http {"metadata":{"emulator":{"name":"functions"},"function":{"name":"us-central1-placesNearby"},"message":"[runtime-status] [17329] Running us-central1-placesNearby in signature http"}}
[debug] [2021-11-29T21:59:21.024Z] [runtime-status] [17329] Attempting to listen to socketPath: /var/folders/hy/b_lmf7g55ydfw5t9834s964m0000gn/T/fire_emu_17329.sock {"metadata":{"emulator":{"name":"functions"},"function":{"name":"us-central1-placesNearby"},"message":"[runtime-status] [17329] Attempting to listen to socketPath: /var/folders/hy/b_lmf7g55ydfw5t9834s964m0000gn/T/fire_emu_17329.sock"}}
[debug] [2021-11-29T21:59:21.025Z] [functions] Runtime ready! Sending request! {"metadata":{"emulator":{"name":"functions"},"message":"[functions] Runtime ready! Sending request!"}}
[debug] [2021-11-29T21:59:21.025Z] [functions] Got req.url=/mealstogo-6e31e/us-central1/placesNearby?location=37.7749295,-122.4194155, mapping to path=/?location=37.7749295,-122.4194155 {"metadata":{"emulator":{"name":"functions"},"message":"[functions] Got req.url=/mealstogo-6e31e/us-central1/placesNearby?location=37.7749295,-122.4194155, mapping to path=/?location=37.7749295,-122.4194155"}}
[debug] [2021-11-29T21:59:21.028Z] [runtime-status] [17329] Ephemeral server handling GET request {"metadata":{"emulator":{"name":"functions"},"function":{"name":"us-central1-placesNearby"},"message":"[runtime-status] [17329] Ephemeral server handling GET request"}}
[debug] [2021-11-29T21:59:21.030Z] [runtime-status] [17329] Ephemeral server survived. {"metadata":{"emulator":{"name":"functions"},"function":{"name":"us-central1-placesNearby"},"message":"[runtime-status] [17329] Ephemeral server survived."}}
[info] i  functions: Finished "us-central1-placesNearby" in ~1s {"metadata":{"emulator":{"name":"functions"},"function":{"name":"us-central1-placesNearby"},"message":"Finished \"us-central1-placesNearby\" in ~1s"}}
[debug] [2021-11-29T21:59:21.031Z] [worker-us-central1-placesNearby-6ff9a41d-12bc-45ed-b2e5-26f3f4051a1e]: IDLE {"metadata":{"emulator":{"name":"functions"},"message":"[worker-us-central1-placesNearby-6ff9a41d-12bc-45ed-b2e5-26f3f4051a1e]: IDLE"}}
[debug] [2021-11-29T21:59:21.032Z] [work-queue] {"queueLength":0,"workRunningCount":0}
[debug] [2021-11-29T21:59:36.052Z] [work-queue] {"queueLength":1,"workRunningCount":0}
[debug] [2021-11-29T21:59:36.053Z] [work-queue] {"queueLength":0,"workRunningCount":1}
[debug] [2021-11-29T21:59:36.053Z] Accepted request GET /mealstogo-6e31e/us-central1/placesNearby?location=undefined,undefined --> us-central1-placesNearby
[debug] [2021-11-29T21:59:36.053Z] [worker-pool] submitWork(triggerId=us-central1-placesNearby) {"metadata":{"emulator":{"name":"functions"},"message":"[worker-pool] submitWork(triggerId=us-central1-placesNearby)"}}
[debug] [2021-11-29T21:59:36.053Z] [worker-us-central1-placesNearby-6ff9a41d-12bc-45ed-b2e5-26f3f4051a1e]: Assigning socketPath: /var/folders/hy/b_lmf7g55ydfw5t9834s964m0000gn/T/fire_emu_17329.sock {"metadata":{"emulator":{"name":"functions"},"message":"[worker-us-central1-placesNearby-6ff9a41d-12bc-45ed-b2e5-26f3f4051a1e]: Assigning socketPath: /var/folders/hy/b_lmf7g55ydfw5t9834s964m0000gn/T/fire_emu_17329.sock"}}
[debug] [2021-11-29T21:59:36.053Z] [worker-us-central1-placesNearby-6ff9a41d-12bc-45ed-b2e5-26f3f4051a1e]: BUSY {"metadata":{"emulator":{"name":"functions"},"message":"[worker-us-central1-placesNearby-6ff9a41d-12bc-45ed-b2e5-26f3f4051a1e]: BUSY"}}
[debug] [2021-11-29T21:59:36.054Z] [runtime-status] [17329] Trigger "us-central1-placesNearby" has been found, beginning invocation! {"metadata":{"emulator":{"name":"functions"},"function":{"name":"us-central1-placesNearby"},"message":"[runtime-status] [17329] Trigger \"us-central1-placesNearby\" has been found, beginning invocation!"}}
[info] i  functions: Beginning execution of "us-central1-placesNearby" {"metadata":{"emulator":{"name":"functions"},"function":{"name":"us-central1-placesNearby"},"message":"Beginning execution of \"us-central1-placesNearby\""}}
[debug] [2021-11-29T21:59:36.055Z] [runtime-status] [17329] triggerDefinition {"httpsTrigger":{},"name":"placesNearby","entryPoint":"placesNearby","regions":["us-central1"],"region":"us-central1","id":"us-central1-placesNearby"} {"metadata":{"emulator":{"name":"functions"},"function":{"name":"us-central1-placesNearby"},"message":"[runtime-status] [17329] triggerDefinition {\"httpsTrigger\":{},\"name\":\"placesNearby\",\"entryPoint\":\"placesNearby\",\"regions\":[\"us-central1\"],\"region\":\"us-central1\",\"id\":\"us-central1-placesNearby\"}"}}
[debug] [2021-11-29T21:59:36.055Z] [runtime-status] [17329] Running us-central1-placesNearby in signature http {"metadata":{"emulator":{"name":"functions"},"function":{"name":"us-central1-placesNearby"},"message":"[runtime-status] [17329] Running us-central1-placesNearby in signature http"}}
[debug] [2021-11-29T21:59:36.055Z] [runtime-status] [17329] Attempting to listen to socketPath: /var/folders/hy/b_lmf7g55ydfw5t9834s964m0000gn/T/fire_emu_17329.sock {"metadata":{"emulator":{"name":"functions"},"function":{"name":"us-central1-placesNearby"},"message":"[runtime-status] [17329] Attempting to listen to socketPath: /var/folders/hy/b_lmf7g55ydfw5t9834s964m0000gn/T/fire_emu_17329.sock"}}
[debug] [2021-11-29T21:59:36.056Z] [functions] Runtime ready! Sending request! {"metadata":{"emulator":{"name":"functions"},"message":"[functions] Runtime ready! Sending request!"}}
[debug] [2021-11-29T21:59:36.056Z] [functions] Got req.url=/mealstogo-6e31e/us-central1/placesNearby?location=undefined,undefined, mapping to path=/?location=undefined,undefined {"metadata":{"emulator":{"name":"functions"},"message":"[functions] Got req.url=/mealstogo-6e31e/us-central1/placesNearby?location=undefined,undefined, mapping to path=/?location=undefined,undefined"}}
[debug] [2021-11-29T21:59:36.057Z] [runtime-status] [17329] Ephemeral server handling GET request {"metadata":{"emulator":{"name":"functions"},"function":{"name":"us-central1-placesNearby"},"message":"[runtime-status] [17329] Ephemeral server handling GET request"}}
[debug] [2021-11-29T21:59:36.058Z] [runtime-status] [17329] Ephemeral server survived. {"metadata":{"emulator":{"name":"functions"},"function":{"name":"us-central1-placesNearby"},"message":"[runtime-status] [17329] Ephemeral server survived."}}
[info] i  functions: Finished "us-central1-placesNearby" in ~1s {"metadata":{"emulator":{"name":"functions"},"function":{"name":"us-central1-placesNearby"},"message":"Finished \"us-central1-placesNearby\" in ~1s"}}
[debug] [2021-11-29T21:59:36.059Z] [worker-us-central1-placesNearby-6ff9a41d-12bc-45ed-b2e5-26f3f4051a1e]: IDLE {"metadata":{"emulator":{"name":"functions"},"message":"[worker-us-central1-placesNearby-6ff9a41d-12bc-45ed-b2e5-26f3f4051a1e]: IDLE"}}
[debug] [2021-11-29T21:59:36.059Z] [work-queue] {"queueLength":0,"workRunningCount":0}
[debug] [2021-11-29T21:59:36.061Z] [work-queue] {"queueLength":1,"workRunningCount":0}
[debug] [2021-11-29T21:59:36.062Z] [work-queue] {"queueLength":0,"workRunningCount":1}
[debug] [2021-11-29T21:59:36.062Z] Accepted request GET /mealstogo-6e31e/us-central1/geocode?city=san%20francisco --> us-central1-geocode
[debug] [2021-11-29T21:59:36.062Z] [worker-pool] submitWork(triggerId=us-central1-geocode) {"metadata":{"emulator":{"name":"functions"},"message":"[worker-pool] submitWork(triggerId=us-central1-geocode)"}}
[debug] [2021-11-29T21:59:36.062Z] [worker-us-central1-geocode-e11d2339-507f-476d-87e1-8a41bfbbf58d]: Assigning socketPath: /var/folders/hy/b_lmf7g55ydfw5t9834s964m0000gn/T/fire_emu_17330.sock {"metadata":{"emulator":{"name":"functions"},"message":"[worker-us-central1-geocode-e11d2339-507f-476d-87e1-8a41bfbbf58d]: Assigning socketPath: /var/folders/hy/b_lmf7g55ydfw5t9834s964m0000gn/T/fire_emu_17330.sock"}}
[debug] [2021-11-29T21:59:36.063Z] [worker-us-central1-geocode-e11d2339-507f-476d-87e1-8a41bfbbf58d]: BUSY {"metadata":{"emulator":{"name":"functions"},"message":"[worker-us-central1-geocode-e11d2339-507f-476d-87e1-8a41bfbbf58d]: BUSY"}}
[debug] [2021-11-29T21:59:36.063Z] [runtime-status] [17330] Trigger "us-central1-geocode" has been found, beginning invocation! {"metadata":{"emulator":{"name":"functions"},"function":{"name":"us-central1-geocode"},"message":"[runtime-status] [17330] Trigger \"us-central1-geocode\" has been found, beginning invocation!"}}
[info] i  functions: Beginning execution of "us-central1-geocode" {"metadata":{"emulator":{"name":"functions"},"function":{"name":"us-central1-geocode"},"message":"Beginning execution of \"us-central1-geocode\""}}
[debug] [2021-11-29T21:59:36.064Z] [runtime-status] [17330] triggerDefinition {"httpsTrigger":{},"name":"geocode","entryPoint":"geocode","regions":["us-central1"],"region":"us-central1","id":"us-central1-geocode"} {"metadata":{"emulator":{"name":"functions"},"function":{"name":"us-central1-geocode"},"message":"[runtime-status] [17330] triggerDefinition {\"httpsTrigger\":{},\"name\":\"geocode\",\"entryPoint\":\"geocode\",\"regions\":[\"us-central1\"],\"region\":\"us-central1\",\"id\":\"us-central1-geocode\"}"}}
[debug] [2021-11-29T21:59:36.064Z] [runtime-status] [17330] Running us-central1-geocode in signature http {"metadata":{"emulator":{"name":"functions"},"function":{"name":"us-central1-geocode"},"message":"[runtime-status] [17330] Running us-central1-geocode in signature http"}}
[debug] [2021-11-29T21:59:36.064Z] [runtime-status] [17330] Attempting to listen to socketPath: /var/folders/hy/b_lmf7g55ydfw5t9834s964m0000gn/T/fire_emu_17330.sock {"metadata":{"emulator":{"name":"functions"},"function":{"name":"us-central1-geocode"},"message":"[runtime-status] [17330] Attempting to listen to socketPath: /var/folders/hy/b_lmf7g55ydfw5t9834s964m0000gn/T/fire_emu_17330.sock"}}
[debug] [2021-11-29T21:59:36.064Z] [functions] Runtime ready! Sending request! {"metadata":{"emulator":{"name":"functions"},"message":"[functions] Runtime ready! Sending request!"}}
[debug] [2021-11-29T21:59:36.064Z] [functions] Got req.url=/mealstogo-6e31e/us-central1/geocode?city=san%20francisco, mapping to path=/?city=san%20francisco {"metadata":{"emulator":{"name":"functions"},"message":"[functions] Got req.url=/mealstogo-6e31e/us-central1/geocode?city=san%20francisco, mapping to path=/?city=san%20francisco"}}
[debug] [2021-11-29T21:59:36.066Z] [runtime-status] [17330] Ephemeral server handling GET request {"metadata":{"emulator":{"name":"functions"},"function":{"name":"us-central1-geocode"},"message":"[runtime-status] [17330] Ephemeral server handling GET request"}}
[debug] [2021-11-29T21:59:36.067Z] [runtime-status] [17330] Ephemeral server survived. {"metadata":{"emulator":{"name":"functions"},"function":{"name":"us-central1-geocode"},"message":"[runtime-status] [17330] Ephemeral server survived."}}
[info] i  functions: Finished "us-central1-geocode" in ~1s {"metadata":{"emulator":{"name":"functions"},"function":{"name":"us-central1-geocode"},"message":"Finished \"us-central1-geocode\" in ~1s"}}
[debug] [2021-11-29T21:59:36.068Z] [worker-us-central1-geocode-e11d2339-507f-476d-87e1-8a41bfbbf58d]: IDLE {"metadata":{"emulator":{"name":"functions"},"message":"[worker-us-central1-geocode-e11d2339-507f-476d-87e1-8a41bfbbf58d]: IDLE"}}
[debug] [2021-11-29T21:59:36.068Z] [work-queue] {"queueLength":0,"workRunningCount":0}
[debug] [2021-11-29T21:59:36.194Z] [work-queue] {"queueLength":1,"workRunningCount":0}
[debug] [2021-11-29T21:59:36.194Z] [work-queue] {"queueLength":0,"workRunningCount":1}
[debug] [2021-11-29T21:59:36.194Z] Accepted request GET /mealstogo-6e31e/us-central1/placesNearby?location=37.7749295,-122.4194155 --> us-central1-placesNearby
[debug] [2021-11-29T21:59:36.195Z] [worker-pool] submitWork(triggerId=us-central1-placesNearby) {"metadata":{"emulator":{"name":"functions"},"message":"[worker-pool] submitWork(triggerId=us-central1-placesNearby)"}}
[debug] [2021-11-29T21:59:36.195Z] [worker-us-central1-placesNearby-6ff9a41d-12bc-45ed-b2e5-26f3f4051a1e]: Assigning socketPath: /var/folders/hy/b_lmf7g55ydfw5t9834s964m0000gn/T/fire_emu_17329.sock {"metadata":{"emulator":{"name":"functions"},"message":"[worker-us-central1-placesNearby-6ff9a41d-12bc-45ed-b2e5-26f3f4051a1e]: Assigning socketPath: /var/folders/hy/b_lmf7g55ydfw5t9834s964m0000gn/T/fire_emu_17329.sock"}}
[debug] [2021-11-29T21:59:36.195Z] [worker-us-central1-placesNearby-6ff9a41d-12bc-45ed-b2e5-26f3f4051a1e]: BUSY {"metadata":{"emulator":{"name":"functions"},"message":"[worker-us-central1-placesNearby-6ff9a41d-12bc-45ed-b2e5-26f3f4051a1e]: BUSY"}}
[debug] [2021-11-29T21:59:36.195Z] [runtime-status] [17329] Trigger "us-central1-placesNearby" has been found, beginning invocation! {"metadata":{"emulator":{"name":"functions"},"function":{"name":"us-central1-placesNearby"},"message":"[runtime-status] [17329] Trigger \"us-central1-placesNearby\" has been found, beginning invocation!"}}
[info] i  functions: Beginning execution of "us-central1-placesNearby" {"metadata":{"emulator":{"name":"functions"},"function":{"name":"us-central1-placesNearby"},"message":"Beginning execution of \"us-central1-placesNearby\""}}
[debug] [2021-11-29T21:59:36.196Z] [runtime-status] [17329] triggerDefinition {"httpsTrigger":{},"name":"placesNearby","entryPoint":"placesNearby","regions":["us-central1"],"region":"us-central1","id":"us-central1-placesNearby"} {"metadata":{"emulator":{"name":"functions"},"function":{"name":"us-central1-placesNearby"},"message":"[runtime-status] [17329] triggerDefinition {\"httpsTrigger\":{},\"name\":\"placesNearby\",\"entryPoint\":\"placesNearby\",\"regions\":[\"us-central1\"],\"region\":\"us-central1\",\"id\":\"us-central1-placesNearby\"}"}}
[debug] [2021-11-29T21:59:36.196Z] [runtime-status] [17329] Running us-central1-placesNearby in signature http {"metadata":{"emulator":{"name":"functions"},"function":{"name":"us-central1-placesNearby"},"message":"[runtime-status] [17329] Running us-central1-placesNearby in signature http"}}
[debug] [2021-11-29T21:59:36.197Z] [runtime-status] [17329] Attempting to listen to socketPath: /var/folders/hy/b_lmf7g55ydfw5t9834s964m0000gn/T/fire_emu_17329.sock {"metadata":{"emulator":{"name":"functions"},"function":{"name":"us-central1-placesNearby"},"message":"[runtime-status] [17329] Attempting to listen to socketPath: /var/folders/hy/b_lmf7g55ydfw5t9834s964m0000gn/T/fire_emu_17329.sock"}}
[debug] [2021-11-29T21:59:36.197Z] [functions] Runtime ready! Sending request! {"metadata":{"emulator":{"name":"functions"},"message":"[functions] Runtime ready! Sending request!"}}
[debug] [2021-11-29T21:59:36.197Z] [functions] Got req.url=/mealstogo-6e31e/us-central1/placesNearby?location=37.7749295,-122.4194155, mapping to path=/?location=37.7749295,-122.4194155 {"metadata":{"emulator":{"name":"functions"},"message":"[functions] Got req.url=/mealstogo-6e31e/us-central1/placesNearby?location=37.7749295,-122.4194155, mapping to path=/?location=37.7749295,-122.4194155"}}
[debug] [2021-11-29T21:59:36.200Z] [runtime-status] [17329] Ephemeral server handling GET request {"metadata":{"emulator":{"name":"functions"},"function":{"name":"us-central1-placesNearby"},"message":"[runtime-status] [17329] Ephemeral server handling GET request"}}
[debug] [2021-11-29T21:59:36.202Z] [runtime-status] [17329] Ephemeral server survived. {"metadata":{"emulator":{"name":"functions"},"function":{"name":"us-central1-placesNearby"},"message":"[runtime-status] [17329] Ephemeral server survived."}}
[info] i  functions: Finished "us-central1-placesNearby" in ~1s {"metadata":{"emulator":{"name":"functions"},"function":{"name":"us-central1-placesNearby"},"message":"Finished \"us-central1-placesNearby\" in ~1s"}}
[debug] [2021-11-29T21:59:36.203Z] [worker-us-central1-placesNearby-6ff9a41d-12bc-45ed-b2e5-26f3f4051a1e]: IDLE {"metadata":{"emulator":{"name":"functions"},"message":"[worker-us-central1-placesNearby-6ff9a41d-12bc-45ed-b2e5-26f3f4051a1e]: IDLE"}}
[debug] [2021-11-29T21:59:36.203Z] [work-queue] {"queueLength":0,"workRunningCount":0}
